  data.cc
G:\ProyectosC\ProyectoIA\ia-build\IABuild\MachineLearningBuild\data.cc(34,29): warning C4267: 'return': conversion from 'size_t' to 'int', possible loss of data
  data_handler.cc
G:\ProyectosC\ProyectoIA\ia-build\IABuild\MachineLearningBuild\data_handler.hpp(2,9): warning C4005: '_CRT_SECURE_NO_WARNINGS': macro redefinition
  (compiling source file 'data_handler.cc')
      G:\ProyectosC\ProyectoIA\ia-build\IABuild\MachineLearningBuild\data_handler.hpp(2,9):
      '_CRT_SECURE_NO_WARNINGS' previously declared on the command line
  
G:\ProyectosC\ProyectoIA\ia-build\IABuild\MachineLearningBuild\data_handler.cc(34,21): warning C4018: '<': signed/unsigned mismatch
G:\ProyectosC\ProyectoIA\ia-build\IABuild\MachineLearningBuild\data_handler.cc(75,21): warning C4018: '<': signed/unsigned mismatch
G:\ProyectosC\ProyectoIA\ia-build\IABuild\MachineLearningBuild\data_handler.cc(100,17): warning C4244: 'initializing': conversion from 'double' to 'int', possible loss of data
G:\ProyectosC\ProyectoIA\ia-build\IABuild\MachineLearningBuild\data_handler.cc(101,16): warning C4244: 'initializing': conversion from 'double' to 'int', possible loss of data
G:\ProyectosC\ProyectoIA\ia-build\IABuild\MachineLearningBuild\data_handler.cc(102,17): warning C4244: 'initializing': conversion from 'double' to 'int', possible loss of data
  runner.cc
  Generating code
  Previous IPDB not found, fall back to full compilation.
  All 398 functions were compiled because no usable IPDB/IOBJ from previous compilation was found.
  Finished generating code
  MachineLearningBuild.vcxproj -> G:\ProyectosC\ProyectoIA\ia-build\IABuild\x64\Release\MachineLearningBuild.exe

Project Performance Summary:
     3483 ms  G:\ProyectosC\ProyectoIA\ia-build\IABuild\MachineLearningBuild\MachineLearningBuild.vcxproj   1 calls
               3483 ms  Build                                      1 calls

Target Performance Summary:
        0 ms  _ResourceCompile                           1 calls
        0 ms  ComputeLinkInputsFromProject               1 calls
        0 ms  ComputeCLGeneratedLinkInputs               1 calls
        0 ms  ComputeManifestGeneratedLinkerInputs       1 calls
        0 ms  ComputeRCOutputs                           1 calls
        0 ms  BeforeLink                                 1 calls
        0 ms  BuildCompile                               1 calls
        0 ms  _BuildCompileAction                        1 calls
        0 ms  AfterBuildCompileEvent                     1 calls
        0 ms  AfterResourceCompile                       1 calls
        0 ms  MakeDirsForResourceCompile                 1 calls
        0 ms  BeforeResourceCompile                      1 calls
        0 ms  _ClCompile                                 1 calls
        0 ms  AfterClCompile                             1 calls
        0 ms  WarnCompileDuplicatedFilename              1 calls
        0 ms  GetReferencedVCProjectsInfo                1 calls
        0 ms  ComputeCLInputPDBName                      1 calls
        0 ms  BeforeClCompile                            1 calls
        0 ms  CreateCustomManifestResourceNames          1 calls
        0 ms  PrepareResourceNames                       1 calls
        0 ms  PreLinkEvent                               1 calls
        0 ms  AfterLink                                  1 calls
        0 ms  AfterBuild                                 1 calls
        0 ms  BuildLink                                  1 calls
        0 ms  _BuildLinkAction                           1 calls
        0 ms  PrepareForRun                              1 calls
        0 ms  _CopySourceItemsToOutputDirectory          1 calls
        0 ms  _PopulateCommonStateForGetCopyToOutputDirectoryItems   1 calls
        0 ms  _Deploy                                    1 calls
        0 ms  _Appverifier                               1 calls
        0 ms  BuildCompileTraverse                       1 calls
        0 ms  CreateSatelliteAssemblies                  1 calls
        0 ms  SatelliteDllsProjectOutputGroup            1 calls
        0 ms  _BscMake                                   1 calls
        0 ms  MakeDirsForBscMake                         1 calls
        0 ms  _XdcMake                                   1 calls
        0 ms  ResolvedXDCMake                            1 calls
        0 ms  _Manifest                                  1 calls
        0 ms  _ALink                                     1 calls
        0 ms  _Link                                      1 calls
        0 ms  MakeDirsForFxc                             1 calls
        0 ms  BuildGenerateSources                       1 calls
        0 ms  Build                                      1 calls
        0 ms  AfterBuildGenerateSourcesEvent             1 calls
        0 ms  _AddOutputPathToGlobalPropertiesToRemove   1 calls
        0 ms  BeforeResolveReferences                    1 calls
        0 ms  PrepareProjectReferences                   1 calls
        0 ms  GetFrameworkPaths                          1 calls
        0 ms  _BuildGenerateSourcesAction                1 calls
        0 ms  ResolveSDKReferences                       1 calls
        0 ms  AfterResolveReferences                     1 calls
        0 ms  ResolveReferences                          1 calls
        0 ms  _PrepareForReferenceResolution             1 calls
        0 ms  BeforeBuildGenerateSources                 1 calls
        0 ms  PreBuildEvent                              1 calls
        0 ms  _SelectedFiles                             1 calls
        0 ms  SelectCustomBuild                          1 calls
        0 ms  ResolveAssemblyReferences                  1 calls
        0 ms  IgnoreJavaScriptOutputAssembly             1 calls
        0 ms  ComputeMIDLGeneratedCompileInputs          1 calls
        0 ms  AfterMidl                                  1 calls
        0 ms  CopyFileToFolders                          1 calls
        0 ms  AfterBuildGenerateSources                  1 calls
        0 ms  _Midl                                      1 calls
        0 ms  _Xsd                                       1 calls
        0 ms  _PrepareForBuild                           1 calls
        0 ms  ComputeCLCompileGeneratedXDCFiles          1 calls
        0 ms  RegisterOutput                             1 calls
        0 ms  SelectClCompile                            1 calls
        0 ms  ExpandSDKReferences                        1 calls
        0 ms  BuildGenerateSourcesTraverse               1 calls
        0 ms  AssignProjectConfiguration                 1 calls
        0 ms  ComputeCustomBuildOutput                   1 calls
        0 ms  FindReferenceAssembliesForReferences       1 calls
        0 ms  MakeDirsForCl                              1 calls
        0 ms  GetReferenceAssemblyPaths                  1 calls
        0 ms  BuildLinkTraverse                          1 calls
        0 ms  ComputeManifestInputsTargets               1 calls
        0 ms  GetCopyToOutputDirectoryXamlAppDefs        1 calls
        0 ms  ComputeLegacyManifestEmbedding             1 calls
        0 ms  DoLinkOutputFilesMatch                     1 calls
        0 ms  ComputeRCGeneratedLinkInputs               1 calls
        1 ms  ComputeStdModulesCompileInputs             1 calls
        1 ms  _GetCopyToOutputDirectoryItemsFromThisProject   1 calls
        1 ms  GetResolvedWinMD                           1 calls
        1 ms  PostBuildEvent                             1 calls
        1 ms  _CheckForCompileOutputs                    1 calls
        1 ms  ComputeReferenceCLInput                    1 calls
        1 ms  ComputeLinkSwitches                        1 calls
        1 ms  MakeDirsForXdcMake                         1 calls
        1 ms  _CheckWindowsSDKInstalled                  1 calls
        1 ms  MakeDirsForMidl                            1 calls
        1 ms  ComputeCLOutputs                           1 calls
        1 ms  BuiltProjectOutputGroup                    1 calls
        1 ms  ComputeCLCompileGeneratedSbrFiles          1 calls
        1 ms  _GenerateSatelliteAssemblyInputs           1 calls
        1 ms  ResolveProjectReferences                   1 calls
        1 ms  SetCABuildNativeEnvironmentVariables       1 calls
        1 ms  AddExternalIncludDirectoriesToPaths        1 calls
        1 ms  _SplitProjectReferencesByFileExistence     1 calls
        1 ms  MakeDirsForLink                            1 calls
        1 ms  _GetCopyToOutputDirectoryItemsFromTransitiveProjectReferences   1 calls
        1 ms  SetTelemetryEnvironmentVariables           1 calls
        1 ms  CopyFilesToOutputDirectory                 1 calls
        1 ms  SplitResourcesByCulture                    1 calls
        1 ms  SetBuildDefaultEnvironmentVariables        1 calls
        1 ms  AssignTargetPaths                          1 calls
        1 ms  CustomBuild                                1 calls
        1 ms  _GetProjectReferenceTargetFrameworkProperties   1 calls
        2 ms  FinalizeBuildStatus                        1 calls
        2 ms  _CheckForInvalidConfigurationAndPlatform   1 calls
        2 ms  IncrementalClean                           1 calls
        2 ms  FixupCLCompileOptions                      1 calls
        2 ms  CreateRecipeFile                           1 calls
        2 ms  InitializeBuildStatus                      1 calls
        2 ms  ContentFilesProjectOutputGroup             1 calls
        2 ms  TlogCleanup                                1 calls
        3 ms  _CleanGetCurrentAndPriorFileWrites         1 calls
        4 ms  GetCopyToOutputDirectoryItems              1 calls
        4 ms  PrepareForBuild                            1 calls
     1488 ms  Link                                       1 calls
     1941 ms  ClCompile                                  1 calls

Task Performance Summary:
        0 ms  ConvertToAbsolutePath                      1 calls
        0 ms  AssignProjectConfiguration                 1 calls
        0 ms  MSBuild                                    1 calls
        0 ms  SetRidAgnosticValueForProjects             1 calls
        0 ms  AssignCulture                              1 calls
        0 ms  CheckVCToolsetVersion                      1 calls
        0 ms  WriteLinesToFile                           1 calls
        1 ms  Message                                    3 calls
        1 ms  VCMessage                                  1 calls
        1 ms  GetOutOfDateItems                          3 calls
        1 ms  Delete                                     3 calls
        1 ms  RemoveDuplicates                           2 calls
        1 ms  ReadLinesFromFile                          2 calls
        1 ms  Touch                                      2 calls
        1 ms  FindUnderPath                              5 calls
        1 ms  GenerateDesktopDeployRecipe                1 calls
        1 ms  CleanupStaleTlogItems                      1 calls
        2 ms  AssignTargetPath                           7 calls
        2 ms  MakeDir                                   10 calls
        2 ms  CallTarget                                 2 calls
        2 ms  SetEnv                                    11 calls
     1483 ms  Link                                       1 calls
     1938 ms  CL                                         1 calls
